ifconfig.me
2ip.io
friendlyelec.com
yahoo.com
mail.yahoo.com
kino.pub
kinopub.me
api.srvkp.com
api.service-kp.com
atv4.dnskp.cc
cdn-service.space
cdn.jsdelivr.net
fonts.gstatic.com
m.pushbr.com
m.teleos.club
m.alador.space
m.boramoraboom.ru
vjs.zencdn.net
www.gstatic.com
smarttvcdn.online
www.gravatar.com
i0.wp.com
meet.google.com
meetings.googleapis.com
hangouts.googleapis.com
hangouts.clients6.google.com
stun.l.google.com
stun1.l.google.com
stun2.l.google.com
stun3.l.google.com
stun4.l.google.com
accounts.google.com
ssl.gstatic.com
www.gstatic.com
gstatic.com
googleapis.com
googleusercontent.com
